2024-04-30 21:47:52,370 INFO  [Utils] [TestNG] Running:
  C:\Users\pc\AppData\Local\JetBrains\IdeaIC2023.1\temp-testng-customsuite.xml
 
2024-04-30 21:47:52,938 INFO  [MyLogClass] Test başladı: runScenario 
2024-04-30 21:47:53,037 INFO  [MyLogClass] SCENARIO : 'E2E Testing' - is started 2024-04-30T21:47:53.036509100 
2024-04-30 21:47:54,525 INFO  [WebDriverManager] Using chromedriver 124.0.6367.91 (resolved driver for Chrome 124) 
2024-04-30 21:47:54,564 INFO  [WebDriverManager] Exporting webdriver.chrome.driver as C:\Users\pc\.cache\selenium\chromedriver\win64\124.0.6367.91\chromedriver.exe 
2024-04-30 21:48:02,799 INFO  [MyLogClass] The entry process was done. 
2024-04-30 21:48:19,206 INFO  [MyLogClass] Success Cart is empty 
2024-04-30 21:48:20,536 INFO  [MyLogClass] One of the categories 'Kadın', 'Erkek', and 'Jean' was randomly selected. 
2024-04-30 21:48:22,394 ERROR [MyLogClass] SCENARIO : E2E Testing - is FAILED 
2024-04-30 21:48:22,769 INFO  [MyLogClass] Test başarısız: runScenario 
2024-04-30 21:48:23,444 INFO  [MyLogClass] Test tamamlandı: com.LeeTask 
2024-04-30 21:58:58,941 INFO  [Utils] [TestNG] Running:
  C:\Users\pc\AppData\Local\JetBrains\IdeaIC2023.1\temp-testng-customsuite.xml
 
2024-04-30 21:58:59,477 INFO  [MyLogClass] Test başladı: runScenario 
2024-04-30 21:58:59,567 INFO  [MyLogClass] SCENARIO : 'E2E Testing' - is started 2024-04-30T21:58:59.567072900 
2024-04-30 21:58:59,855 INFO  [WebDriverManager] Using chromedriver 124.0.6367.91 (resolved driver for Chrome 124) 
2024-04-30 21:58:59,887 INFO  [WebDriverManager] Exporting webdriver.chrome.driver as C:\Users\pc\.cache\selenium\chromedriver\win64\124.0.6367.91\chromedriver.exe 
2024-04-30 21:59:06,638 INFO  [MyLogClass] The entry process was done. 
2024-04-30 21:59:22,369 INFO  [MyLogClass] Success Cart is empty 
2024-04-30 21:59:24,331 INFO  [MyLogClass] One of the categories 'Kadın', 'Erkek', and 'Jean' was randomly selected. 
2024-04-30 21:59:26,167 ERROR [MyLogClass] SCENARIO : E2E Testing - is FAILED 
2024-04-30 21:59:26,553 INFO  [MyLogClass] Test başarısız: runScenario 
2024-04-30 21:59:27,947 INFO  [MyLogClass] Test tamamlandı: com.LeeTask 
2024-04-30 22:00:17,069 INFO  [Utils] [TestNG] Running:
  C:\Users\pc\AppData\Local\JetBrains\IdeaIC2023.1\temp-testng-customsuite.xml
 
2024-04-30 22:00:17,625 INFO  [MyLogClass] Test başladı: runScenario 
2024-04-30 22:00:17,727 INFO  [MyLogClass] SCENARIO : 'E2E Testing' - is started 2024-04-30T22:00:17.727857700 
2024-04-30 22:00:18,008 INFO  [WebDriverManager] Using chromedriver 124.0.6367.91 (resolved driver for Chrome 124) 
2024-04-30 22:00:18,034 INFO  [WebDriverManager] Exporting webdriver.chrome.driver as C:\Users\pc\.cache\selenium\chromedriver\win64\124.0.6367.91\chromedriver.exe 
2024-04-30 22:00:27,154 INFO  [MyLogClass] The entry process was done. 
2024-04-30 22:00:42,915 INFO  [MyLogClass] Success Cart is empty 
2024-04-30 22:00:44,537 INFO  [MyLogClass] One of the categories 'Kadın', 'Erkek', and 'Jean' was randomly selected. 
2024-04-30 22:00:46,268 ERROR [MyLogClass] SCENARIO : E2E Testing - is FAILED 
2024-04-30 22:00:46,540 INFO  [MyLogClass] Test başarısız: runScenario 
2024-04-30 22:00:47,283 INFO  [MyLogClass] Test tamamlandı: com.LeeTask 
2024-04-30 22:00:58,596 INFO  [Utils] [TestNG] Running:
  C:\Users\pc\AppData\Local\JetBrains\IdeaIC2023.1\temp-testng-customsuite.xml
 
2024-04-30 22:00:59,129 INFO  [MyLogClass] Test başladı: runScenario 
2024-04-30 22:00:59,219 INFO  [MyLogClass] SCENARIO : 'E2E Testing' - is started 2024-04-30T22:00:59.219490200 
2024-04-30 22:00:59,513 INFO  [WebDriverManager] Using chromedriver 124.0.6367.91 (resolved driver for Chrome 124) 
2024-04-30 22:00:59,541 INFO  [WebDriverManager] Exporting webdriver.chrome.driver as C:\Users\pc\.cache\selenium\chromedriver\win64\124.0.6367.91\chromedriver.exe 
2024-04-30 22:01:06,027 INFO  [MyLogClass] The entry process was done. 
2024-04-30 22:01:21,730 INFO  [MyLogClass] Success Cart is empty 
2024-04-30 22:01:23,034 INFO  [MyLogClass] One of the categories 'Kadın', 'Erkek', and 'Jean' was randomly selected. 
2024-04-30 22:01:24,864 ERROR [MyLogClass] SCENARIO : E2E Testing - is FAILED 
2024-04-30 22:01:25,132 INFO  [MyLogClass] Test başarısız: runScenario 
2024-04-30 22:01:25,930 INFO  [MyLogClass] Test tamamlandı: com.LeeTask 
2024-04-30 22:05:33,339 INFO  [Utils] [TestNG] Running:
  C:\Users\pc\AppData\Local\JetBrains\IdeaIC2023.1\temp-testng-customsuite.xml
 
2024-04-30 22:05:33,860 INFO  [MyLogClass] Test başladı: runScenario 
2024-04-30 22:05:33,955 INFO  [MyLogClass] SCENARIO : 'E2E Testing' - is started 2024-04-30T22:05:33.954597400 
2024-04-30 22:05:34,251 INFO  [WebDriverManager] Using chromedriver 124.0.6367.91 (resolved driver for Chrome 124) 
2024-04-30 22:05:34,289 INFO  [WebDriverManager] Exporting webdriver.chrome.driver as C:\Users\pc\.cache\selenium\chromedriver\win64\124.0.6367.91\chromedriver.exe 
2024-04-30 22:05:41,630 INFO  [MyLogClass] The entry process was done. 
2024-04-30 22:05:58,551 INFO  [MyLogClass] Success Cart is empty 
2024-04-30 22:06:00,604 INFO  [MyLogClass] One of the categories 'Kadın', 'Erkek', and 'Jean' was randomly selected. 
2024-04-30 22:06:00,876 ERROR [MyLogClass] SCENARIO : E2E Testing - is FAILED 
2024-04-30 22:06:01,158 INFO  [MyLogClass] Test başarısız: runScenario 
2024-04-30 22:06:01,942 INFO  [MyLogClass] Test tamamlandı: com.LeeTask 
2024-04-30 22:06:37,213 INFO  [Utils] [TestNG] Running:
  C:\Users\pc\AppData\Local\JetBrains\IdeaIC2023.1\temp-testng-customsuite.xml
 
2024-04-30 22:06:37,729 INFO  [MyLogClass] Test başladı: runScenario 
2024-04-30 22:06:37,816 INFO  [MyLogClass] SCENARIO : 'E2E Testing' - is started 2024-04-30T22:06:37.816353400 
2024-04-30 22:06:38,091 INFO  [WebDriverManager] Using chromedriver 124.0.6367.91 (resolved driver for Chrome 124) 
2024-04-30 22:06:38,115 INFO  [WebDriverManager] Exporting webdriver.chrome.driver as C:\Users\pc\.cache\selenium\chromedriver\win64\124.0.6367.91\chromedriver.exe 
2024-04-30 22:06:44,830 INFO  [MyLogClass] The entry process was done. 
2024-04-30 22:07:00,570 INFO  [MyLogClass] Success Cart is empty 
2024-04-30 22:07:01,987 INFO  [MyLogClass] One of the categories 'Kadın', 'Erkek', and 'Jean' was randomly selected. 
2024-04-30 22:07:02,722 ERROR [MyLogClass] SCENARIO : E2E Testing - is FAILED 
2024-04-30 22:07:02,979 INFO  [MyLogClass] Test başarısız: runScenario 
2024-04-30 22:07:03,801 INFO  [MyLogClass] Test tamamlandı: com.LeeTask 
2024-04-30 22:08:49,569 INFO  [Utils] [TestNG] Running:
  C:\Users\pc\AppData\Local\JetBrains\IdeaIC2023.1\temp-testng-customsuite.xml
 
2024-04-30 22:08:50,145 INFO  [MyLogClass] Test başladı: runScenario 
2024-04-30 22:08:50,244 INFO  [MyLogClass] SCENARIO : 'E2E Testing' - is started 2024-04-30T22:08:50.244650100 
2024-04-30 22:08:50,563 INFO  [WebDriverManager] Using chromedriver 124.0.6367.91 (resolved driver for Chrome 124) 
2024-04-30 22:08:50,591 INFO  [WebDriverManager] Exporting webdriver.chrome.driver as C:\Users\pc\.cache\selenium\chromedriver\win64\124.0.6367.91\chromedriver.exe 
2024-04-30 22:08:57,509 INFO  [MyLogClass] The entry process was done. 
2024-04-30 22:09:13,381 INFO  [MyLogClass] Success Cart is empty 
2024-04-30 22:09:14,759 INFO  [MyLogClass] One of the categories 'Kadın', 'Erkek', and 'Jean' was randomly selected. 
2024-04-30 22:09:15,748 ERROR [MyLogClass] SCENARIO : E2E Testing - is FAILED 
2024-04-30 22:09:16,378 INFO  [MyLogClass] Test başarısız: runScenario 
2024-04-30 22:09:17,300 INFO  [MyLogClass] Test tamamlandı: com.LeeTask 
2024-04-30 22:11:06,469 INFO  [Utils] [TestNG] Running:
  C:\Users\pc\AppData\Local\JetBrains\IdeaIC2023.1\temp-testng-customsuite.xml
 
2024-04-30 22:11:07,051 INFO  [MyLogClass] Test başladı: runScenario 
2024-04-30 22:11:07,216 INFO  [MyLogClass] SCENARIO : 'E2E Testing' - is started 2024-04-30T22:11:07.216670200 
2024-04-30 22:11:07,626 INFO  [WebDriverManager] Using chromedriver 124.0.6367.91 (resolved driver for Chrome 124) 
2024-04-30 22:11:07,672 INFO  [WebDriverManager] Exporting webdriver.chrome.driver as C:\Users\pc\.cache\selenium\chromedriver\win64\124.0.6367.91\chromedriver.exe 
2024-04-30 22:11:14,822 INFO  [MyLogClass] The entry process was done. 
2024-04-30 22:11:30,571 INFO  [MyLogClass] Success Cart is empty 
2024-04-30 22:11:31,845 INFO  [MyLogClass] One of the categories 'Kadın', 'Erkek', and 'Jean' was randomly selected. 
2024-04-30 22:11:32,772 ERROR [MyLogClass] SCENARIO : E2E Testing - is FAILED 
2024-04-30 22:11:33,342 INFO  [MyLogClass] Test başarısız: runScenario 
2024-04-30 22:11:34,161 INFO  [MyLogClass] Test tamamlandı: com.LeeTask 
2024-04-30 22:13:42,196 INFO  [Utils] [TestNG] Running:
  C:\Users\pc\AppData\Local\JetBrains\IdeaIC2023.1\temp-testng-customsuite.xml
 
2024-04-30 22:13:42,756 INFO  [MyLogClass] Test başladı: runScenario 
2024-04-30 22:13:42,859 INFO  [MyLogClass] SCENARIO : 'E2E Testing' - is started 2024-04-30T22:13:42.859193300 
2024-04-30 22:13:43,149 INFO  [WebDriverManager] Using chromedriver 124.0.6367.91 (resolved driver for Chrome 124) 
2024-04-30 22:13:43,179 INFO  [WebDriverManager] Exporting webdriver.chrome.driver as C:\Users\pc\.cache\selenium\chromedriver\win64\124.0.6367.91\chromedriver.exe 
2024-04-30 22:13:50,946 INFO  [MyLogClass] The entry process was done. 
2024-04-30 22:14:06,650 INFO  [MyLogClass] Success Cart is empty 
2024-04-30 22:14:07,881 INFO  [MyLogClass] One of the categories 'Kadın', 'Erkek', and 'Jean' was randomly selected. 
2024-04-30 22:14:08,796 ERROR [MyLogClass] SCENARIO : E2E Testing - is FAILED 
2024-04-30 22:14:09,159 INFO  [MyLogClass] Test başarısız: runScenario 
2024-04-30 22:14:10,249 INFO  [MyLogClass] Test tamamlandı: com.LeeTask 
2024-04-30 22:14:59,534 INFO  [Utils] [TestNG] Running:
  C:\Users\pc\AppData\Local\JetBrains\IdeaIC2023.1\temp-testng-customsuite.xml
 
2024-04-30 22:15:00,095 INFO  [MyLogClass] Test başladı: runScenario 
2024-04-30 22:15:00,202 INFO  [MyLogClass] SCENARIO : 'E2E Testing' - is started 2024-04-30T22:15:00.202197 
2024-04-30 22:15:00,530 INFO  [WebDriverManager] Using chromedriver 124.0.6367.91 (resolved driver for Chrome 124) 
2024-04-30 22:15:00,561 INFO  [WebDriverManager] Exporting webdriver.chrome.driver as C:\Users\pc\.cache\selenium\chromedriver\win64\124.0.6367.91\chromedriver.exe 
2024-04-30 22:15:06,762 INFO  [MyLogClass] The entry process was done. 
2024-04-30 22:15:22,490 INFO  [MyLogClass] Success Cart is empty 
2024-04-30 22:15:23,756 INFO  [MyLogClass] One of the categories 'Kadın', 'Erkek', and 'Jean' was randomly selected. 
2024-04-30 22:15:25,253 ERROR [MyLogClass] SCENARIO : E2E Testing - is FAILED 
2024-04-30 22:15:25,481 INFO  [MyLogClass] Test başarısız: runScenario 
2024-04-30 22:15:26,294 INFO  [MyLogClass] Test tamamlandı: com.LeeTask 
2024-04-30 22:17:00,409 INFO  [Utils] [TestNG] Running:
  C:\Users\pc\AppData\Local\JetBrains\IdeaIC2023.1\temp-testng-customsuite.xml
 
2024-04-30 22:17:01,057 INFO  [MyLogClass] Test başladı: runScenario 
2024-04-30 22:17:01,176 INFO  [MyLogClass] SCENARIO : 'E2E Testing' - is started 2024-04-30T22:17:01.176654500 
2024-04-30 22:17:01,756 INFO  [WebDriverManager] Using chromedriver 124.0.6367.91 (resolved driver for Chrome 124) 
2024-04-30 22:17:01,871 INFO  [WebDriverManager] Exporting webdriver.chrome.driver as C:\Users\pc\.cache\selenium\chromedriver\win64\124.0.6367.91\chromedriver.exe 
2024-04-30 22:17:10,442 INFO  [MyLogClass] The entry process was done. 
2024-04-30 22:17:26,175 INFO  [MyLogClass] Success Cart is empty 
2024-04-30 22:17:27,580 INFO  [MyLogClass] One of the categories 'Kadın', 'Erkek', and 'Jean' was randomly selected. 
2024-04-30 22:17:28,966 ERROR [MyLogClass] SCENARIO : E2E Testing - is FAILED 
2024-04-30 22:17:29,180 INFO  [MyLogClass] Test başarısız: runScenario 
2024-04-30 22:17:30,248 INFO  [MyLogClass] Test tamamlandı: com.LeeTask 
2024-04-30 22:19:06,772 INFO  [Utils] [TestNG] Running:
  C:\Users\pc\AppData\Local\JetBrains\IdeaIC2023.1\temp-testng-customsuite.xml
 
2024-04-30 22:19:07,320 INFO  [MyLogClass] Test başladı: runScenario 
2024-04-30 22:19:07,411 INFO  [MyLogClass] SCENARIO : 'E2E Testing' - is started 2024-04-30T22:19:07.411613600 
2024-04-30 22:19:07,700 INFO  [WebDriverManager] Using chromedriver 124.0.6367.91 (resolved driver for Chrome 124) 
2024-04-30 22:19:07,733 INFO  [WebDriverManager] Exporting webdriver.chrome.driver as C:\Users\pc\.cache\selenium\chromedriver\win64\124.0.6367.91\chromedriver.exe 
2024-04-30 22:19:17,514 INFO  [MyLogClass] The entry process was done. 
2024-04-30 22:19:33,367 INFO  [MyLogClass] Success Cart is empty 
2024-04-30 22:19:34,498 INFO  [MyLogClass] One of the categories 'Kadın', 'Erkek', and 'Jean' was randomly selected. 
2024-04-30 22:19:35,654 INFO  [MyLogClass] SCENARIO : E2E Testing - is over 
2024-04-30 22:19:35,658 INFO  [MyLogClass] Test başarılı: runScenario 
2024-04-30 22:19:36,515 INFO  [MyLogClass] Test tamamlandı: com.LeeTask 
2024-04-30 22:44:16,939 INFO  [Utils] [TestNG] Running:
  C:\Users\pc\AppData\Local\JetBrains\IdeaIC2023.1\temp-testng-customsuite.xml
 
2024-04-30 22:44:17,464 INFO  [MyLogClass] Test başladı: runScenario 
2024-04-30 22:44:17,623 INFO  [MyLogClass] SCENARIO : 'E2E Testing' - is started 2024-04-30T22:44:17.622403900 
2024-04-30 22:44:17,925 INFO  [WebDriverManager] Using chromedriver 124.0.6367.91 (resolved driver for Chrome 124) 
2024-04-30 22:44:17,954 INFO  [WebDriverManager] Exporting webdriver.chrome.driver as C:\Users\pc\.cache\selenium\chromedriver\win64\124.0.6367.91\chromedriver.exe 
2024-04-30 22:44:25,229 INFO  [MyLogClass] The entry process was done. 
2024-04-30 22:44:41,017 INFO  [MyLogClass] Success Cart is empty 
2024-04-30 22:44:42,537 INFO  [MyLogClass] One of the categories 'Kadın', 'Erkek', and 'Jean' was randomly selected. 
2024-04-30 22:44:43,383 ERROR [MyLogClass] SCENARIO : E2E Testing - is FAILED 
2024-04-30 22:44:43,960 INFO  [MyLogClass] Test başarısız: runScenario 
2024-04-30 22:44:44,880 INFO  [MyLogClass] Test tamamlandı: com.LeeTask 
2024-04-30 22:47:24,494 INFO  [Utils] [TestNG] Running:
  C:\Users\pc\AppData\Local\JetBrains\IdeaIC2023.1\temp-testng-customsuite.xml
 
2024-04-30 22:47:25,104 INFO  [MyLogClass] Test başladı: runScenario 
2024-04-30 22:47:25,206 INFO  [MyLogClass] SCENARIO : 'E2E Testing' - is started 2024-04-30T22:47:25.205407900 
2024-04-30 22:47:25,546 INFO  [WebDriverManager] Using chromedriver 124.0.6367.91 (resolved driver for Chrome 124) 
2024-04-30 22:47:25,582 INFO  [WebDriverManager] Exporting webdriver.chrome.driver as C:\Users\pc\.cache\selenium\chromedriver\win64\124.0.6367.91\chromedriver.exe 
2024-04-30 22:47:32,293 INFO  [MyLogClass] The entry process was done. 
2024-04-30 22:47:48,062 INFO  [MyLogClass] Success Cart is empty 
2024-04-30 22:47:49,470 INFO  [MyLogClass] One of the categories 'Kadın', 'Erkek', and 'Jean' was randomly selected. 
2024-04-30 22:47:52,518 INFO  [MyLogClass] SCENARIO : E2E Testing - is over 
2024-04-30 22:47:52,523 INFO  [MyLogClass] Test başarılı: runScenario 
2024-04-30 22:47:53,240 INFO  [MyLogClass] Test tamamlandı: com.LeeTask 
2024-04-30 22:49:09,688 INFO  [Utils] [TestNG] Running:
  C:\Users\pc\AppData\Local\JetBrains\IdeaIC2023.1\temp-testng-customsuite.xml
 
2024-04-30 22:49:10,250 INFO  [MyLogClass] Test başladı: runScenario 
2024-04-30 22:49:10,348 INFO  [MyLogClass] SCENARIO : 'E2E Testing' - is started 2024-04-30T22:49:10.348342300 
2024-04-30 22:49:11,415 INFO  [WebDriverManager] Using chromedriver 124.0.6367.91 (resolved driver for Chrome 124) 
2024-04-30 22:49:11,435 INFO  [WebDriverManager] Exporting webdriver.chrome.driver as C:\Users\pc\.cache\selenium\chromedriver\win64\124.0.6367.91\chromedriver.exe 
2024-04-30 22:49:18,079 INFO  [MyLogClass] The entry process was done. 
2024-04-30 22:49:33,829 INFO  [MyLogClass] Success Cart is empty 
2024-04-30 22:49:35,778 INFO  [MyLogClass] One of the categories 'Kadın', 'Erkek', and 'Jean' was randomly selected. 
2024-04-30 22:49:38,697 INFO  [MyLogClass] SCENARIO : E2E Testing - is over 
2024-04-30 22:49:38,702 INFO  [MyLogClass] Test başarılı: runScenario 
2024-04-30 22:49:39,389 INFO  [MyLogClass] Test tamamlandı: com.LeeTask 
2024-04-30 22:53:31,078 INFO  [Utils] [TestNG] Running:
  C:\Users\pc\AppData\Local\JetBrains\IdeaIC2023.1\temp-testng-customsuite.xml
 
2024-04-30 22:53:31,611 INFO  [MyLogClass] Test başladı: runScenario 
2024-04-30 22:53:31,699 INFO  [MyLogClass] SCENARIO : 'E2E Testing' - is started 2024-04-30T22:53:31.699089200 
2024-04-30 22:53:31,998 INFO  [WebDriverManager] Using chromedriver 124.0.6367.91 (resolved driver for Chrome 124) 
2024-04-30 22:53:32,026 INFO  [WebDriverManager] Exporting webdriver.chrome.driver as C:\Users\pc\.cache\selenium\chromedriver\win64\124.0.6367.91\chromedriver.exe 
2024-04-30 22:53:39,372 INFO  [MyLogClass] The entry process was done. 
2024-04-30 22:53:55,187 INFO  [MyLogClass] Success Cart is empty 
2024-04-30 22:53:56,679 INFO  [MyLogClass] One of the categories 'Kadın', 'Erkek', and 'Jean' was randomly selected. 
2024-04-30 22:53:59,552 ERROR [MyLogClass] SCENARIO : E2E Testing - is FAILED 
2024-04-30 22:53:59,836 INFO  [MyLogClass] Test başarısız: runScenario 
2024-04-30 22:54:00,673 INFO  [MyLogClass] Test tamamlandı: com.LeeTask 
2024-04-30 22:54:30,963 INFO  [Utils] [TestNG] Running:
  C:\Users\pc\AppData\Local\JetBrains\IdeaIC2023.1\temp-testng-customsuite.xml
 
2024-04-30 22:54:31,500 INFO  [MyLogClass] Test başladı: runScenario 
2024-04-30 22:54:31,591 INFO  [MyLogClass] SCENARIO : 'E2E Testing' - is started 2024-04-30T22:54:31.591021700 
2024-04-30 22:54:31,887 INFO  [WebDriverManager] Using chromedriver 124.0.6367.91 (resolved driver for Chrome 124) 
2024-04-30 22:54:31,913 INFO  [WebDriverManager] Exporting webdriver.chrome.driver as C:\Users\pc\.cache\selenium\chromedriver\win64\124.0.6367.91\chromedriver.exe 
2024-04-30 22:54:39,121 INFO  [MyLogClass] The entry process was done. 
2024-04-30 22:54:54,807 INFO  [MyLogClass] Success Cart is empty 
2024-04-30 22:54:56,292 INFO  [MyLogClass] One of the categories 'Kadın', 'Erkek', and 'Jean' was randomly selected. 
2024-04-30 22:54:59,034 ERROR [MyLogClass] SCENARIO : E2E Testing - is FAILED 
2024-04-30 22:54:59,308 INFO  [MyLogClass] Test başarısız: runScenario 
2024-04-30 22:55:00,100 INFO  [MyLogClass] Test tamamlandı: com.LeeTask 
2024-04-30 22:56:46,015 INFO  [Utils] [TestNG] Running:
  C:\Users\pc\AppData\Local\JetBrains\IdeaIC2023.1\temp-testng-customsuite.xml
 
2024-04-30 22:56:46,536 INFO  [MyLogClass] Test başladı: runScenario 
2024-04-30 22:56:46,641 INFO  [MyLogClass] SCENARIO : 'E2E Testing' - is started 2024-04-30T22:56:46.641766100 
2024-04-30 22:56:46,962 INFO  [WebDriverManager] Using chromedriver 124.0.6367.91 (resolved driver for Chrome 124) 
2024-04-30 22:56:47,001 INFO  [WebDriverManager] Exporting webdriver.chrome.driver as C:\Users\pc\.cache\selenium\chromedriver\win64\124.0.6367.91\chromedriver.exe 
2024-04-30 22:56:54,194 INFO  [MyLogClass] The entry process was done. 
2024-04-30 22:57:10,556 INFO  [MyLogClass] Success Cart is empty 
2024-04-30 22:57:11,926 INFO  [MyLogClass] One of the categories 'Kadın', 'Erkek', and 'Jean' was randomly selected. 
2024-04-30 22:57:15,051 ERROR [MyLogClass] SCENARIO : E2E Testing - is FAILED 
2024-04-30 22:57:15,351 INFO  [MyLogClass] Test başarısız: runScenario 
2024-04-30 22:57:16,295 INFO  [MyLogClass] Test tamamlandı: com.LeeTask 
2024-04-30 22:57:46,456 INFO  [Utils] [TestNG] Running:
  C:\Users\pc\AppData\Local\JetBrains\IdeaIC2023.1\temp-testng-customsuite.xml
 
2024-04-30 22:57:47,063 INFO  [MyLogClass] Test başladı: runScenario 
2024-04-30 22:57:47,200 INFO  [MyLogClass] SCENARIO : 'E2E Testing' - is started 2024-04-30T22:57:47.199572400 
2024-04-30 22:57:47,564 INFO  [WebDriverManager] Using chromedriver 124.0.6367.91 (resolved driver for Chrome 124) 
2024-04-30 22:57:47,592 INFO  [WebDriverManager] Exporting webdriver.chrome.driver as C:\Users\pc\.cache\selenium\chromedriver\win64\124.0.6367.91\chromedriver.exe 
2024-04-30 22:57:54,865 INFO  [MyLogClass] The entry process was done. 
2024-04-30 22:58:11,257 INFO  [MyLogClass] Success Cart is empty 
2024-04-30 22:58:12,995 INFO  [MyLogClass] One of the categories 'Kadın', 'Erkek', and 'Jean' was randomly selected. 
2024-04-30 22:58:15,900 INFO  [MyLogClass] SCENARIO : E2E Testing - is over 
2024-04-30 22:58:15,904 INFO  [MyLogClass] Test başarılı: runScenario 
2024-04-30 22:58:16,623 INFO  [MyLogClass] Test tamamlandı: com.LeeTask 
2024-04-30 23:01:01,682 INFO  [Utils] [TestNG] Running:
  C:\Users\pc\AppData\Local\JetBrains\IdeaIC2023.1\temp-testng-customsuite.xml
 
2024-04-30 23:01:02,228 INFO  [MyLogClass] Test başladı: runScenario 
2024-04-30 23:01:02,323 INFO  [MyLogClass] SCENARIO : 'E2E Testing' - is started 2024-04-30T23:01:02.323685 
2024-04-30 23:01:02,624 INFO  [WebDriverManager] Using chromedriver 124.0.6367.91 (resolved driver for Chrome 124) 
2024-04-30 23:01:02,651 INFO  [WebDriverManager] Exporting webdriver.chrome.driver as C:\Users\pc\.cache\selenium\chromedriver\win64\124.0.6367.91\chromedriver.exe 
2024-04-30 23:01:09,916 INFO  [MyLogClass] The entry process was done. 
2024-04-30 23:01:25,584 INFO  [MyLogClass] Success Cart is empty 
2024-04-30 23:01:26,654 INFO  [MyLogClass] One of the categories 'Kadın', 'Erkek', and 'Jean' was randomly selected. 
2024-04-30 23:01:29,644 ERROR [MyLogClass] SCENARIO : E2E Testing - is FAILED 
2024-04-30 23:01:29,889 INFO  [MyLogClass] Test başarısız: runScenario 
2024-04-30 23:01:30,659 INFO  [MyLogClass] Test tamamlandı: com.LeeTask 
2024-04-30 23:02:40,181 INFO  [Utils] [TestNG] Running:
  C:\Users\pc\AppData\Local\JetBrains\IdeaIC2023.1\temp-testng-customsuite.xml
 
2024-04-30 23:02:40,779 INFO  [MyLogClass] Test başladı: runScenario 
2024-04-30 23:02:40,876 INFO  [MyLogClass] SCENARIO : 'E2E Testing' - is started 2024-04-30T23:02:40.876543500 
2024-04-30 23:02:41,209 INFO  [WebDriverManager] Using chromedriver 124.0.6367.91 (resolved driver for Chrome 124) 
2024-04-30 23:02:41,243 INFO  [WebDriverManager] Exporting webdriver.chrome.driver as C:\Users\pc\.cache\selenium\chromedriver\win64\124.0.6367.91\chromedriver.exe 
2024-04-30 23:02:49,373 INFO  [MyLogClass] The entry process was done. 
2024-04-30 23:03:05,028 INFO  [MyLogClass] Success Cart is empty 
2024-04-30 23:03:06,463 INFO  [MyLogClass] One of the categories 'Kadın', 'Erkek', and 'Jean' was randomly selected. 
2024-04-30 23:03:09,385 ERROR [MyLogClass] SCENARIO : E2E Testing - is FAILED 
2024-04-30 23:03:09,700 INFO  [MyLogClass] Test başarısız: runScenario 
2024-04-30 23:03:10,617 INFO  [MyLogClass] Test tamamlandı: com.LeeTask 
2024-04-30 23:10:39,188 INFO  [Utils] [TestNG] Running:
  C:\Users\pc\AppData\Local\JetBrains\IdeaIC2023.1\temp-testng-customsuite.xml
 
2024-04-30 23:10:39,742 INFO  [MyLogClass] Test başladı: runScenario 
2024-04-30 23:10:39,855 INFO  [MyLogClass] SCENARIO : 'E2E Testing' - is started 2024-04-30T23:10:39.855901800 
2024-04-30 23:10:40,168 INFO  [WebDriverManager] Using chromedriver 124.0.6367.91 (resolved driver for Chrome 124) 
2024-04-30 23:10:40,197 INFO  [WebDriverManager] Exporting webdriver.chrome.driver as C:\Users\pc\.cache\selenium\chromedriver\win64\124.0.6367.91\chromedriver.exe 
2024-04-30 23:10:48,272 INFO  [MyLogClass] The entry process was done. 
2024-04-30 23:11:03,940 INFO  [MyLogClass] Success Cart is empty 
2024-04-30 23:11:05,228 INFO  [MyLogClass] One of the categories 'Kadın', 'Erkek', and 'Jean' was randomly selected. 
2024-04-30 23:11:08,229 INFO  [MyLogClass] On the product listing page, products are sorted in ascending order by price. 
2024-04-30 23:11:08,352 INFO  [MyLogClass] SCENARIO : E2E Testing - is over 
2024-04-30 23:11:08,356 INFO  [MyLogClass] Test başarılı: runScenario 
2024-04-30 23:11:09,664 INFO  [MyLogClass] Test tamamlandı: com.LeeTask 
2024-04-30 23:11:26,001 INFO  [Utils] [TestNG] Running:
  C:\Users\pc\AppData\Local\JetBrains\IdeaIC2023.1\temp-testng-customsuite.xml
 
2024-04-30 23:11:26,612 INFO  [MyLogClass] Test başladı: runScenario 
2024-04-30 23:11:26,701 INFO  [MyLogClass] SCENARIO : 'E2E Testing' - is started 2024-04-30T23:11:26.701392300 
2024-04-30 23:11:27,018 INFO  [WebDriverManager] Using chromedriver 124.0.6367.91 (resolved driver for Chrome 124) 
2024-04-30 23:11:27,056 INFO  [WebDriverManager] Exporting webdriver.chrome.driver as C:\Users\pc\.cache\selenium\chromedriver\win64\124.0.6367.91\chromedriver.exe 
2024-04-30 23:11:34,214 INFO  [MyLogClass] The entry process was done. 
2024-04-30 23:11:49,910 INFO  [MyLogClass] Success Cart is empty 
2024-04-30 23:11:51,433 INFO  [MyLogClass] One of the categories 'Kadın', 'Erkek', and 'Jean' was randomly selected. 
2024-04-30 23:11:53,518 ERROR [MyLogClass] SCENARIO : E2E Testing - is FAILED 
2024-04-30 23:11:53,830 INFO  [MyLogClass] Test başarısız: runScenario 
2024-04-30 23:11:54,702 INFO  [MyLogClass] Test tamamlandı: com.LeeTask 
2024-04-30 23:14:51,658 INFO  [Utils] [TestNG] Running:
  C:\Users\pc\AppData\Local\JetBrains\IdeaIC2023.1\temp-testng-customsuite.xml
 
2024-04-30 23:14:52,233 INFO  [MyLogClass] Test başladı: runScenario 
2024-04-30 23:14:52,337 INFO  [MyLogClass] SCENARIO : 'E2E Testing' - is started 2024-04-30T23:14:52.337677700 
2024-04-30 23:14:52,689 INFO  [WebDriverManager] Using chromedriver 124.0.6367.91 (resolved driver for Chrome 124) 
2024-04-30 23:14:52,719 INFO  [WebDriverManager] Exporting webdriver.chrome.driver as C:\Users\pc\.cache\selenium\chromedriver\win64\124.0.6367.91\chromedriver.exe 
2024-04-30 23:14:59,593 INFO  [MyLogClass] The entry process was done. 
2024-04-30 23:15:15,297 INFO  [MyLogClass] Success Cart is empty 
2024-04-30 23:15:17,110 INFO  [MyLogClass] One of the categories 'Kadın', 'Erkek', and 'Jean' was randomly selected. 
2024-04-30 23:15:19,981 INFO  [MyLogClass] On the product listing page, products are sorted in ascending order by price. 
2024-04-30 23:15:20,076 INFO  [MyLogClass] SCENARIO : E2E Testing - is over 
2024-04-30 23:15:20,081 INFO  [MyLogClass] Test başarılı: runScenario 
2024-04-30 23:15:20,746 INFO  [MyLogClass] Test tamamlandı: com.LeeTask 
2024-04-30 23:15:35,086 INFO  [Utils] [TestNG] Running:
  C:\Users\pc\AppData\Local\JetBrains\IdeaIC2023.1\temp-testng-customsuite.xml
 
2024-04-30 23:15:35,609 INFO  [MyLogClass] Test başladı: runScenario 
2024-04-30 23:15:35,697 INFO  [MyLogClass] SCENARIO : 'E2E Testing' - is started 2024-04-30T23:15:35.696756300 
2024-04-30 23:15:35,991 INFO  [WebDriverManager] Using chromedriver 124.0.6367.91 (resolved driver for Chrome 124) 
2024-04-30 23:15:36,019 INFO  [WebDriverManager] Exporting webdriver.chrome.driver as C:\Users\pc\.cache\selenium\chromedriver\win64\124.0.6367.91\chromedriver.exe 
2024-04-30 23:15:42,437 INFO  [MyLogClass] The entry process was done. 
2024-04-30 23:15:58,178 INFO  [MyLogClass] Success Cart is empty 
2024-04-30 23:15:59,290 INFO  [MyLogClass] One of the categories 'Kadın', 'Erkek', and 'Jean' was randomly selected. 
2024-04-30 23:16:02,195 ERROR [MyLogClass] SCENARIO : E2E Testing - is FAILED 
2024-04-30 23:16:02,499 INFO  [MyLogClass] Test başarısız: runScenario 
2024-04-30 23:16:03,311 INFO  [MyLogClass] Test tamamlandı: com.LeeTask 
2024-04-30 23:19:46,074 INFO  [Utils] [TestNG] Running:
  C:\Users\pc\AppData\Local\JetBrains\IdeaIC2023.1\temp-testng-customsuite.xml
 
2024-04-30 23:19:46,632 INFO  [MyLogClass] Test başladı: runScenario 
2024-04-30 23:19:46,784 INFO  [MyLogClass] SCENARIO : 'E2E Testing' - is started 2024-04-30T23:19:46.784418700 
2024-04-30 23:19:47,093 INFO  [WebDriverManager] Using chromedriver 124.0.6367.91 (resolved driver for Chrome 124) 
2024-04-30 23:19:47,121 INFO  [WebDriverManager] Exporting webdriver.chrome.driver as C:\Users\pc\.cache\selenium\chromedriver\win64\124.0.6367.91\chromedriver.exe 
2024-04-30 23:19:55,503 INFO  [MyLogClass] The entry process was done. 
2024-04-30 23:20:12,251 INFO  [MyLogClass] Success Cart is empty 
2024-04-30 23:20:13,390 INFO  [MyLogClass] One of the categories 'Kadın', 'Erkek', and 'Jean' was randomly selected. 
2024-04-30 23:20:15,831 ERROR [MyLogClass] SCENARIO : E2E Testing - is FAILED 
2024-04-30 23:20:16,132 INFO  [MyLogClass] Test başarısız: runScenario 
2024-04-30 23:20:16,994 INFO  [MyLogClass] Test tamamlandı: com.LeeTask 
2024-04-30 23:41:01,708 INFO  [Utils] [TestNG] Running:
  C:\Users\pc\AppData\Local\JetBrains\IdeaIC2023.1\temp-testng-customsuite.xml
 
2024-04-30 23:41:02,265 INFO  [MyLogClass] Test başladı: runScenario 
2024-04-30 23:41:02,367 INFO  [MyLogClass] SCENARIO : 'E2E Testing' - is started 2024-04-30T23:41:02.366263700 
2024-04-30 23:41:02,710 INFO  [WebDriverManager] Using chromedriver 124.0.6367.91 (resolved driver for Chrome 124) 
2024-04-30 23:41:02,738 INFO  [WebDriverManager] Exporting webdriver.chrome.driver as C:\Users\pc\.cache\selenium\chromedriver\win64\124.0.6367.91\chromedriver.exe 
2024-04-30 23:41:09,417 INFO  [MyLogClass] The entry process was done. 
2024-04-30 23:41:25,286 INFO  [MyLogClass] Success Cart is empty 
2024-04-30 23:41:27,337 INFO  [MyLogClass] One of the categories 'Kadın', 'Erkek', and 'Jean' was randomly selected. 
2024-04-30 23:41:30,723 INFO  [MyLogClass] On the product listing page, products are sorted in ascending order by price. 
2024-04-30 23:41:30,872 INFO  [MyLogClass] SCENARIO : E2E Testing - is over 
2024-04-30 23:41:30,880 INFO  [MyLogClass] Test başarılı: runScenario 
2024-04-30 23:41:32,093 INFO  [MyLogClass] Test tamamlandı: com.LeeTask 
2024-05-01 13:26:33,376 INFO  [Utils] [TestNG] Running:
  C:\Users\pc\AppData\Local\JetBrains\IdeaIC2023.1\temp-testng-customsuite.xml
 
2024-05-01 13:26:34,120 INFO  [MyLogClass] Test başladı: runScenario 
2024-05-01 13:26:34,239 INFO  [MyLogClass] SCENARIO : 'E2E Testing' - is started 2024-05-01T13:26:34.238808 
2024-05-01 13:26:36,198 INFO  [WebDriverManager] Using chromedriver 124.0.6367.91 (resolved driver for Chrome 124) 
2024-05-01 13:26:36,240 INFO  [WebDriverManager] Exporting webdriver.chrome.driver as C:\Users\pc\.cache\selenium\chromedriver\win64\124.0.6367.91\chromedriver.exe 
2024-05-01 13:26:45,020 INFO  [MyLogClass] The entry process was done. 
2024-05-01 13:27:00,819 INFO  [MyLogClass] Success Cart is empty 
2024-05-01 13:27:02,394 INFO  [MyLogClass] One of the categories 'Kadın', 'Erkek', and 'Jean' was randomly selected. 
2024-05-01 13:27:05,652 INFO  [MyLogClass] On the product listing page, products are sorted in ascending order by price. 
2024-05-01 13:27:07,625 INFO  [MyLogClass] First product selected. 
2024-05-01 13:27:11,242 INFO  [MyLogClass] SCENARIO : E2E Testing - is over 
2024-05-01 13:27:11,247 INFO  [MyLogClass] Test başarılı: runScenario 
2024-05-01 13:27:12,945 INFO  [MyLogClass] Test tamamlandı: com.LeeTask 
2024-05-01 13:29:45,764 INFO  [Utils] [TestNG] Running:
  C:\Users\pc\AppData\Local\JetBrains\IdeaIC2023.1\temp-testng-customsuite.xml
 
2024-05-01 13:29:46,426 INFO  [MyLogClass] Test başladı: runScenario 
2024-05-01 13:29:46,553 INFO  [MyLogClass] SCENARIO : 'E2E Testing' - is started 2024-05-01T13:29:46.553991400 
2024-05-01 13:29:46,963 INFO  [WebDriverManager] Using chromedriver 124.0.6367.91 (resolved driver for Chrome 124) 
2024-05-01 13:29:47,009 INFO  [WebDriverManager] Exporting webdriver.chrome.driver as C:\Users\pc\.cache\selenium\chromedriver\win64\124.0.6367.91\chromedriver.exe 
2024-05-01 13:29:56,345 INFO  [MyLogClass] The entry process was done. 
2024-05-01 13:30:27,268 ERROR [MyLogClass] SCENARIO : E2E Testing - is FAILED 
2024-05-01 13:30:27,411 INFO  [MyLogClass] Test başarısız: runScenario 
2024-05-01 13:30:28,226 INFO  [MyLogClass] Test tamamlandı: com.LeeTask 
2024-05-01 13:33:55,783 INFO  [Utils] [TestNG] Running:
  C:\Users\pc\AppData\Local\JetBrains\IdeaIC2023.1\temp-testng-customsuite.xml
 
2024-05-01 13:33:56,388 INFO  [MyLogClass] Test başladı: runScenario 
2024-05-01 13:33:56,563 INFO  [MyLogClass] SCENARIO : 'E2E Testing' - is started 2024-05-01T13:33:56.563834 
2024-05-01 13:33:56,976 INFO  [WebDriverManager] Using chromedriver 124.0.6367.91 (resolved driver for Chrome 124) 
2024-05-01 13:33:57,026 INFO  [WebDriverManager] Exporting webdriver.chrome.driver as C:\Users\pc\.cache\selenium\chromedriver\win64\124.0.6367.91\chromedriver.exe 
2024-05-01 13:34:06,489 INFO  [MyLogClass] The entry process was done. 
2024-05-01 13:34:37,474 ERROR [MyLogClass] SCENARIO : E2E Testing - is FAILED 
2024-05-01 13:34:37,663 INFO  [MyLogClass] Test başarısız: runScenario 
2024-05-01 13:34:38,582 INFO  [MyLogClass] Test tamamlandı: com.LeeTask 
2024-05-01 13:36:55,577 INFO  [Utils] [TestNG] Running:
  C:\Users\pc\AppData\Local\JetBrains\IdeaIC2023.1\temp-testng-customsuite.xml
 
2024-05-01 13:36:56,159 INFO  [MyLogClass] Test başladı: runScenario 
2024-05-01 13:36:56,284 INFO  [MyLogClass] SCENARIO : 'E2E Testing' - is started 2024-05-01T13:36:56.284012500 
2024-05-01 13:36:56,611 INFO  [WebDriverManager] Using chromedriver 124.0.6367.91 (resolved driver for Chrome 124) 
2024-05-01 13:36:56,636 INFO  [WebDriverManager] Exporting webdriver.chrome.driver as C:\Users\pc\.cache\selenium\chromedriver\win64\124.0.6367.91\chromedriver.exe 
2024-05-01 13:37:07,873 INFO  [MyLogClass] The entry process was done. 
2024-05-01 13:37:53,925 ERROR [MyLogClass] SCENARIO : E2E Testing - is FAILED 
2024-05-01 13:37:54,145 INFO  [MyLogClass] Test başarısız: runScenario 
2024-05-01 13:37:55,087 INFO  [MyLogClass] Test tamamlandı: com.LeeTask 
2024-05-01 13:38:23,290 INFO  [Utils] [TestNG] Running:
  C:\Users\pc\AppData\Local\JetBrains\IdeaIC2023.1\temp-testng-customsuite.xml
 
2024-05-01 13:38:23,996 INFO  [MyLogClass] Test başladı: runScenario 
2024-05-01 13:38:24,123 INFO  [MyLogClass] SCENARIO : 'E2E Testing' - is started 2024-05-01T13:38:24.122323500 
2024-05-01 13:38:24,571 INFO  [WebDriverManager] Using chromedriver 124.0.6367.91 (resolved driver for Chrome 124) 
2024-05-01 13:38:24,632 INFO  [WebDriverManager] Exporting webdriver.chrome.driver as C:\Users\pc\.cache\selenium\chromedriver\win64\124.0.6367.91\chromedriver.exe 
2024-05-01 13:38:33,153 INFO  [MyLogClass] The entry process was done. 
2024-05-01 13:39:45,869 ERROR [MyLogClass] SCENARIO : E2E Testing - is FAILED 
2024-05-01 13:39:45,884 INFO  [MyLogClass] Test başarısız: runScenario 
2024-05-01 13:39:47,232 INFO  [MyLogClass] Test tamamlandı: com.LeeTask 
2024-05-01 13:41:58,584 INFO  [Utils] [TestNG] Running:
  C:\Users\pc\AppData\Local\JetBrains\IdeaIC2023.1\temp-testng-customsuite.xml
 
2024-05-01 13:41:59,182 INFO  [MyLogClass] Test başladı: runScenario 
2024-05-01 13:41:59,315 INFO  [MyLogClass] SCENARIO : 'E2E Testing' - is started 2024-05-01T13:41:59.315606400 
2024-05-01 13:41:59,670 INFO  [WebDriverManager] Using chromedriver 124.0.6367.91 (resolved driver for Chrome 124) 
2024-05-01 13:41:59,699 INFO  [WebDriverManager] Exporting webdriver.chrome.driver as C:\Users\pc\.cache\selenium\chromedriver\win64\124.0.6367.91\chromedriver.exe 
2024-05-01 13:42:08,398 INFO  [MyLogClass] The entry process was done. 
2024-05-01 13:42:25,016 INFO  [MyLogClass] Success Cart is empty 
2024-05-01 13:42:26,905 INFO  [MyLogClass] One of the categories 'Kadın', 'Erkek', and 'Jean' was randomly selected. 
2024-05-01 13:42:29,898 INFO  [MyLogClass] On the product listing page, products are sorted in ascending order by price. 
2024-05-01 13:42:30,950 INFO  [MyLogClass] First product selected. 
2024-05-01 13:42:34,400 INFO  [MyLogClass] Any of the size options was randomly selected. 
2024-05-01 13:42:49,463 ERROR [MyLogClass] SCENARIO : E2E Testing - is FAILED 
2024-05-01 13:42:49,642 INFO  [MyLogClass] Test başarısız: runScenario 
2024-05-01 13:42:50,451 INFO  [MyLogClass] Test tamamlandı: com.LeeTask 
2024-05-01 13:43:45,926 INFO  [Utils] [TestNG] Running:
  C:\Users\pc\AppData\Local\JetBrains\IdeaIC2023.1\temp-testng-customsuite.xml
 
2024-05-01 13:43:46,523 INFO  [MyLogClass] Test başladı: runScenario 
2024-05-01 13:43:46,622 INFO  [MyLogClass] SCENARIO : 'E2E Testing' - is started 2024-05-01T13:43:46.622901 
2024-05-01 13:43:46,937 INFO  [WebDriverManager] Using chromedriver 124.0.6367.91 (resolved driver for Chrome 124) 
2024-05-01 13:43:46,966 INFO  [WebDriverManager] Exporting webdriver.chrome.driver as C:\Users\pc\.cache\selenium\chromedriver\win64\124.0.6367.91\chromedriver.exe 
2024-05-01 13:43:54,406 INFO  [MyLogClass] The entry process was done. 
2024-05-01 13:44:10,258 INFO  [MyLogClass] Success Cart is empty 
2024-05-01 13:44:13,153 INFO  [MyLogClass] One of the categories 'Kadın', 'Erkek', and 'Jean' was randomly selected. 
2024-05-01 13:44:16,495 INFO  [MyLogClass] On the product listing page, products are sorted in ascending order by price. 
2024-05-01 13:44:17,687 INFO  [MyLogClass] First product selected. 
2024-05-01 13:44:21,172 INFO  [MyLogClass] Any of the size options was randomly selected. 
2024-05-01 13:44:24,997 INFO  [MyLogClass] SCENARIO : E2E Testing - is over 
2024-05-01 13:44:25,001 INFO  [MyLogClass] Test başarılı: runScenario 
2024-05-01 13:44:25,871 INFO  [MyLogClass] Test tamamlandı: com.LeeTask 
2024-05-01 13:58:31,229 INFO  [Utils] [TestNG] Running:
  C:\Users\pc\AppData\Local\JetBrains\IdeaIC2023.1\temp-testng-customsuite.xml
 
2024-05-01 13:58:31,816 INFO  [MyLogClass] Test başladı: runScenario 
2024-05-01 13:58:31,915 INFO  [MyLogClass] SCENARIO : 'E2E Testing' - is started 2024-05-01T13:58:31.915710300 
2024-05-01 13:58:32,224 INFO  [WebDriverManager] Using chromedriver 124.0.6367.91 (resolved driver for Chrome 124) 
2024-05-01 13:58:32,259 INFO  [WebDriverManager] Exporting webdriver.chrome.driver as C:\Users\pc\.cache\selenium\chromedriver\win64\124.0.6367.91\chromedriver.exe 
2024-05-01 13:58:40,778 INFO  [MyLogClass] The entry process was done. 
2024-05-01 13:58:58,135 INFO  [MyLogClass] Success Cart is empty 
2024-05-01 13:58:59,704 INFO  [MyLogClass] One of the categories 'Kadın', 'Erkek', and 'Jean' was randomly selected. 
2024-05-01 13:59:02,839 INFO  [MyLogClass] On the product listing page, products are sorted in ascending order by price. 
2024-05-01 13:59:03,797 INFO  [MyLogClass] First product selected. 
2024-05-01 13:59:07,210 INFO  [MyLogClass] Any of the size options was randomly selected. 
2024-05-01 13:59:20,243 ERROR [MyLogClass] SCENARIO : E2E Testing - is FAILED 
2024-05-01 13:59:20,487 INFO  [MyLogClass] Test başarısız: runScenario 
2024-05-01 13:59:21,400 INFO  [MyLogClass] Test tamamlandı: com.LeeTask 
2024-05-01 13:59:31,458 INFO  [Utils] [TestNG] Running:
  C:\Users\pc\AppData\Local\JetBrains\IdeaIC2023.1\temp-testng-customsuite.xml
 
2024-05-01 13:59:32,031 INFO  [MyLogClass] Test başladı: runScenario 
2024-05-01 13:59:32,127 INFO  [MyLogClass] SCENARIO : 'E2E Testing' - is started 2024-05-01T13:59:32.127419700 
2024-05-01 13:59:32,442 INFO  [WebDriverManager] Using chromedriver 124.0.6367.91 (resolved driver for Chrome 124) 
2024-05-01 13:59:32,475 INFO  [WebDriverManager] Exporting webdriver.chrome.driver as C:\Users\pc\.cache\selenium\chromedriver\win64\124.0.6367.91\chromedriver.exe 
2024-05-01 13:59:42,061 INFO  [MyLogClass] The entry process was done. 
2024-05-01 13:59:57,987 INFO  [MyLogClass] Success Cart is empty 
2024-05-01 13:59:59,625 INFO  [MyLogClass] One of the categories 'Kadın', 'Erkek', and 'Jean' was randomly selected. 
2024-05-01 14:00:02,748 INFO  [MyLogClass] On the product listing page, products are sorted in ascending order by price. 
2024-05-01 14:00:04,665 INFO  [MyLogClass] First product selected. 
2024-05-01 14:00:08,124 INFO  [MyLogClass] Any of the size options was randomly selected. 
2024-05-01 14:00:12,529 ERROR [MyLogClass] SCENARIO : E2E Testing - is FAILED 
2024-05-01 14:00:12,711 INFO  [MyLogClass] Test başarısız: runScenario 
2024-05-01 14:00:13,476 INFO  [MyLogClass] Test tamamlandı: com.LeeTask 
2024-05-01 14:03:04,051 INFO  [Utils] [TestNG] Running:
  C:\Users\pc\AppData\Local\JetBrains\IdeaIC2023.1\temp-testng-customsuite.xml
 
2024-05-01 14:03:04,765 INFO  [MyLogClass] Test başladı: runScenario 
2024-05-01 14:03:04,957 INFO  [MyLogClass] SCENARIO : 'E2E Testing' - is started 2024-05-01T14:03:04.957615700 
2024-05-01 14:03:05,368 INFO  [WebDriverManager] Using chromedriver 124.0.6367.91 (resolved driver for Chrome 124) 
2024-05-01 14:03:05,404 INFO  [WebDriverManager] Exporting webdriver.chrome.driver as C:\Users\pc\.cache\selenium\chromedriver\win64\124.0.6367.91\chromedriver.exe 
2024-05-01 14:03:14,867 INFO  [MyLogClass] The entry process was done. 
2024-05-01 14:03:33,013 INFO  [MyLogClass] Success Cart is empty 
2024-05-01 14:03:34,499 INFO  [MyLogClass] One of the categories 'Kadın', 'Erkek', and 'Jean' was randomly selected. 
2024-05-01 14:03:37,678 INFO  [MyLogClass] On the product listing page, products are sorted in ascending order by price. 
2024-05-01 14:03:39,370 INFO  [MyLogClass] First product selected. 
2024-05-01 14:03:42,841 ERROR [MyLogClass] SCENARIO : E2E Testing - is FAILED 
2024-05-01 14:03:43,033 INFO  [MyLogClass] Test başarısız: runScenario 
2024-05-01 14:03:43,817 INFO  [MyLogClass] Test tamamlandı: com.LeeTask 
2024-05-01 14:09:01,700 INFO  [Utils] [TestNG] Running:
  C:\Users\pc\AppData\Local\JetBrains\IdeaIC2023.1\temp-testng-customsuite.xml
 
2024-05-01 14:09:02,332 INFO  [MyLogClass] Test başladı: runScenario 
2024-05-01 14:09:02,449 INFO  [MyLogClass] SCENARIO : 'E2E Testing' - is started 2024-05-01T14:09:02.448812200 
2024-05-01 14:09:02,766 INFO  [WebDriverManager] Using chromedriver 124.0.6367.91 (resolved driver for Chrome 124) 
2024-05-01 14:09:02,797 INFO  [WebDriverManager] Exporting webdriver.chrome.driver as C:\Users\pc\.cache\selenium\chromedriver\win64\124.0.6367.91\chromedriver.exe 
2024-05-01 14:09:12,000 INFO  [MyLogClass] The entry process was done. 
2024-05-01 14:09:27,883 INFO  [MyLogClass] Success Cart is empty 
2024-05-01 14:09:29,173 INFO  [MyLogClass] One of the categories 'Kadın', 'Erkek', and 'Jean' was randomly selected. 
2024-05-01 14:09:32,469 INFO  [MyLogClass] On the product listing page, products are sorted in ascending order by price. 
2024-05-01 14:09:33,424 INFO  [MyLogClass] First product selected. 
2024-05-01 14:09:36,891 INFO  [MyLogClass] Any of the size options was randomly selected. 
2024-05-01 14:09:49,822 ERROR [MyLogClass] SCENARIO : E2E Testing - is FAILED 
2024-05-01 14:09:50,008 INFO  [MyLogClass] Test başarısız: runScenario 
2024-05-01 14:09:50,822 INFO  [MyLogClass] Test tamamlandı: com.LeeTask 
2024-05-01 14:25:22,226 INFO  [Utils] [TestNG] Running:
  C:\Users\pc\AppData\Local\JetBrains\IdeaIC2023.1\temp-testng-customsuite.xml
 
2024-05-01 14:25:22,897 INFO  [MyLogClass] Test başladı: runScenario 
2024-05-01 14:25:22,995 INFO  [MyLogClass] SCENARIO : 'E2E Testing' - is started 2024-05-01T14:25:22.994667900 
2024-05-01 14:25:23,318 INFO  [WebDriverManager] Using chromedriver 124.0.6367.91 (resolved driver for Chrome 124) 
2024-05-01 14:25:23,349 INFO  [WebDriverManager] Exporting webdriver.chrome.driver as C:\Users\pc\.cache\selenium\chromedriver\win64\124.0.6367.91\chromedriver.exe 
2024-05-01 14:25:36,212 INFO  [MyLogClass] The entry process was done. 
2024-05-01 14:25:52,868 INFO  [MyLogClass] Success Cart is empty 
2024-05-01 14:25:54,435 INFO  [MyLogClass] One of the categories 'Kadın', 'Erkek', and 'Jean' was randomly selected. 
2024-05-01 14:25:57,459 INFO  [MyLogClass] On the product listing page, products are sorted in ascending order by price. 
2024-05-01 14:25:58,357 INFO  [MyLogClass] First product selected. 
2024-05-01 14:26:01,835 INFO  [MyLogClass] Any of the size options was randomly selected. 
2024-05-01 14:26:21,675 ERROR [MyLogClass] SCENARIO : E2E Testing - is FAILED 
2024-05-01 14:26:21,856 INFO  [MyLogClass] Test başarısız: runScenario 
2024-05-01 14:26:22,802 INFO  [MyLogClass] Test tamamlandı: com.LeeTask 
2024-05-01 14:27:54,743 INFO  [Utils] [TestNG] Running:
  C:\Users\pc\AppData\Local\JetBrains\IdeaIC2023.1\temp-testng-customsuite.xml
 
2024-05-01 14:27:55,339 INFO  [MyLogClass] Test başladı: runScenario 
2024-05-01 14:27:55,456 INFO  [MyLogClass] SCENARIO : 'E2E Testing' - is started 2024-05-01T14:27:55.456617 
2024-05-01 14:27:57,044 INFO  [WebDriverManager] Using chromedriver 124.0.6367.91 (resolved driver for Chrome 124) 
2024-05-01 14:27:57,072 INFO  [WebDriverManager] Exporting webdriver.chrome.driver as C:\Users\pc\.cache\selenium\chromedriver\win64\124.0.6367.91\chromedriver.exe 
2024-05-01 14:28:06,338 INFO  [MyLogClass] The entry process was done. 
2024-05-01 14:28:22,898 INFO  [MyLogClass] Success Cart is empty 
2024-05-01 14:28:24,593 INFO  [MyLogClass] One of the categories 'Kadın', 'Erkek', and 'Jean' was randomly selected. 
2024-05-01 14:28:27,990 INFO  [MyLogClass] On the product listing page, products are sorted in ascending order by price. 
2024-05-01 14:28:28,870 INFO  [MyLogClass] First product selected. 
2024-05-01 14:28:39,068 INFO  [MyLogClass] Any of the size options was randomly selected. 
2024-05-01 14:28:43,440 INFO  [MyLogClass] SCENARIO : E2E Testing - is over 
2024-05-01 14:28:43,445 INFO  [MyLogClass] Test başarılı: runScenario 
2024-05-01 14:28:44,146 INFO  [MyLogClass] Test tamamlandı: com.LeeTask 
2024-05-01 14:45:04,070 INFO  [MyLogClass] SCENARIO : 'E2E Testing' - is started 2024-05-01T14:45:04.069065600 
2024-05-01 14:45:04,453 INFO  [WebDriverManager] Using chromedriver 124.0.6367.91 (resolved driver for Chrome 124) 
2024-05-01 14:45:04,505 INFO  [WebDriverManager] Exporting webdriver.chrome.driver as C:\Users\pc\.cache\selenium\chromedriver\win64\124.0.6367.91\chromedriver.exe 
2024-05-01 14:45:20,636 INFO  [MyLogClass] The entry process was done. 
2024-05-01 14:45:38,526 INFO  [MyLogClass] Success Cart is empty 
2024-05-01 14:45:40,250 INFO  [MyLogClass] One of the categories 'Kadın', 'Erkek', and 'Jean' was randomly selected. 
2024-05-01 14:45:43,596 INFO  [MyLogClass] On the product listing page, products are sorted in ascending order by price. 
2024-05-01 14:45:44,689 INFO  [MyLogClass] First product selected. 
2024-05-01 14:45:54,831 INFO  [MyLogClass] Any of the size options was randomly selected. 
2024-05-01 14:45:59,833 INFO  [MyLogClass] SCENARIO : E2E Testing - is over 
2024-05-01 17:36:25,698 INFO  [MyLogClass] SCENARIO : 'E2E Testing' - is started 2024-05-01T17:36:25.698407 
2024-05-01 17:36:27,711 INFO  [WebDriverManager] Using chromedriver 124.0.6367.91 (resolved driver for Chrome 124) 
2024-05-01 17:36:27,731 INFO  [WebDriverManager] Exporting webdriver.chrome.driver as C:\Users\pc\.cache\selenium\chromedriver\win64\124.0.6367.91\chromedriver.exe 
2024-05-01 17:36:36,878 INFO  [MyLogClass] The entry process was done. 
2024-05-01 17:36:54,924 INFO  [MyLogClass] Success Cart is empty 
2024-05-01 17:36:56,458 INFO  [MyLogClass] One of the categories 'Kadın', 'Erkek', and 'Jean' was randomly selected. 
2024-05-01 17:36:59,951 INFO  [MyLogClass] On the product listing page, products are sorted in ascending order by price. 
2024-05-01 17:37:00,852 INFO  [MyLogClass] First product selected. 
2024-05-01 17:37:11,066 INFO  [MyLogClass] Any of the size options was randomly selected. 
2024-05-01 17:37:16,780 INFO  [MyLogClass] A random promo code was entered. 
2024-05-01 17:37:23,330 INFO  [MyLogClass] SCENARIO : E2E Testing - is over 
2024-05-01 17:55:00,964 INFO  [MyLogClass] SCENARIO : 'E2E Testing' - is started 2024-05-01T17:55:00.963464500 
2024-05-01 17:55:01,651 INFO  [WebDriverManager] Using chromedriver 124.0.6367.91 (resolved driver for Chrome 124) 
2024-05-01 17:55:01,701 INFO  [WebDriverManager] Exporting webdriver.chrome.driver as C:\Users\pc\.cache\selenium\chromedriver\win64\124.0.6367.91\chromedriver.exe 
2024-05-01 17:55:10,644 INFO  [MyLogClass] The entry process was done. 
2024-05-01 17:55:27,304 INFO  [MyLogClass] Success Cart is empty 
2024-05-01 17:55:28,748 INFO  [MyLogClass] One of the categories 'Kadın', 'Erkek', and 'Jean' was randomly selected. 
2024-05-01 17:55:32,142 INFO  [MyLogClass] On the product listing page, products are sorted in ascending order by price. 
2024-05-01 17:55:33,013 INFO  [MyLogClass] First product selected. 
2024-05-01 17:55:36,458 INFO  [MyLogClass] Any of the size options was randomly selected. 
2024-05-01 17:55:41,375 INFO  [MyLogClass] A random promo code was entered. 
2024-05-01 17:55:47,776 INFO  [MyLogClass] SCENARIO : E2E Testing - is over 
2024-05-01 17:59:53,345 INFO  [MyLogClass] SCENARIO : 'E2E Testing' - is started 2024-05-01T17:59:53.344526700 
2024-05-01 17:59:53,726 INFO  [WebDriverManager] Using chromedriver 124.0.6367.91 (resolved driver for Chrome 124) 
2024-05-01 17:59:53,758 INFO  [WebDriverManager] Exporting webdriver.chrome.driver as C:\Users\pc\.cache\selenium\chromedriver\win64\124.0.6367.91\chromedriver.exe 
2024-05-01 18:00:05,065 INFO  [MyLogClass] The entry process was done. 
2024-05-01 18:00:22,436 INFO  [MyLogClass] Success Cart is empty 
2024-05-01 18:00:24,283 INFO  [MyLogClass] One of the categories 'Kadın', 'Erkek', and 'Jean' was randomly selected. 
2024-05-01 18:00:27,339 INFO  [MyLogClass] On the product listing page, products are sorted in ascending order by price. 
2024-05-01 18:00:28,416 INFO  [MyLogClass] First product selected. 
2024-05-01 18:00:31,880 INFO  [MyLogClass] Any of the size options was randomly selected. 
2024-05-01 18:00:36,855 INFO  [MyLogClass] A random promo code was entered. 
2024-05-01 18:00:43,224 INFO  [MyLogClass] Order information and address information entered. 
2024-05-01 18:00:44,413 ERROR [MyLogClass] SCENARIO : E2E Testing - is FAILED 
2024-05-01 18:01:51,086 INFO  [MyLogClass] SCENARIO : 'E2E Testing' - is started 2024-05-01T18:01:51.086152400 
2024-05-01 18:01:51,463 INFO  [WebDriverManager] Using chromedriver 124.0.6367.91 (resolved driver for Chrome 124) 
2024-05-01 18:01:51,505 INFO  [WebDriverManager] Exporting webdriver.chrome.driver as C:\Users\pc\.cache\selenium\chromedriver\win64\124.0.6367.91\chromedriver.exe 
2024-05-01 18:02:00,559 INFO  [MyLogClass] The entry process was done. 
2024-05-01 18:02:17,294 INFO  [MyLogClass] Success Cart is empty 
2024-05-01 18:02:19,419 INFO  [MyLogClass] One of the categories 'Kadın', 'Erkek', and 'Jean' was randomly selected. 
2024-05-01 18:02:23,005 INFO  [MyLogClass] On the product listing page, products are sorted in ascending order by price. 
2024-05-01 18:02:24,734 INFO  [MyLogClass] First product selected. 
2024-05-01 18:02:28,128 ERROR [MyLogClass] SCENARIO : E2E Testing - is FAILED 
2024-05-01 18:08:12,571 INFO  [MyLogClass] SCENARIO : 'E2E Testing' - is started 2024-05-01T18:08:12.570189 
2024-05-01 18:08:12,947 INFO  [WebDriverManager] Using chromedriver 124.0.6367.91 (resolved driver for Chrome 124) 
2024-05-01 18:08:12,984 INFO  [WebDriverManager] Exporting webdriver.chrome.driver as C:\Users\pc\.cache\selenium\chromedriver\win64\124.0.6367.91\chromedriver.exe 
2024-05-01 18:08:23,958 INFO  [MyLogClass] The entry process was done. 
2024-05-01 18:08:39,804 INFO  [MyLogClass] Success Cart is empty 
2024-05-01 18:08:42,633 INFO  [MyLogClass] One of the categories 'Kadın', 'Erkek', and 'Jean' was randomly selected. 
2024-05-01 18:08:46,276 INFO  [MyLogClass] On the product listing page, products are sorted in ascending order by price. 
2024-05-01 18:08:47,325 INFO  [MyLogClass] First product selected. 
2024-05-01 18:08:50,969 INFO  [MyLogClass] Any of the size options was randomly selected. 
2024-05-01 18:08:55,741 INFO  [MyLogClass] A random promo code was entered. 
2024-05-01 18:09:02,288 INFO  [MyLogClass] Order information and address information entered. 
2024-05-01 18:09:23,282 INFO  [MyLogClass] SCENARIO : E2E Testing - is over 
2024-05-01 23:21:42,100 INFO  [MyLogClass] SCENARIO : 'E2E Testing' - is started 2024-05-01T23:21:42.099132300 
2024-05-01 23:21:43,775 INFO  [WebDriverManager] Using chromedriver 124.0.6367.91 (resolved driver for Chrome 124) 
2024-05-01 23:21:43,817 INFO  [WebDriverManager] Exporting webdriver.chrome.driver as C:\Users\pc\.cache\selenium\chromedriver\win64\124.0.6367.91\chromedriver.exe 
2024-05-01 23:21:50,689 INFO  [MyLogClass] The entry process was done. 
2024-05-01 23:22:07,242 INFO  [MyLogClass] Success Cart is empty 
2024-05-01 23:22:08,921 INFO  [MyLogClass] One of the categories 'Kadın', 'Erkek', and 'Jean' was randomly selected. 
2024-05-01 23:22:11,860 INFO  [MyLogClass] On the product listing page, products are sorted in ascending order by price. 
2024-05-01 23:22:12,667 INFO  [MyLogClass] First product selected. 
2024-05-01 23:22:22,793 INFO  [MyLogClass] Any of the size options was randomly selected. 
2024-05-01 23:22:27,284 INFO  [MyLogClass] A random promo code was entered. 
2024-05-01 23:22:36,680 INFO  [MyLogClass] Order information and address information entered. 
2024-05-01 23:23:02,054 INFO  [MyLogClass] SCENARIO : E2E Testing - is over 
2024-05-01 23:23:52,347 INFO  [MyLogClass] SCENARIO : 'E2E Testing' - is started 2024-05-01T23:23:52.346405 
2024-05-01 23:23:52,910 INFO  [WebDriverManager] Using chromedriver 124.0.6367.91 (resolved driver for Chrome 124) 
2024-05-01 23:23:52,989 INFO  [WebDriverManager] Exporting webdriver.chrome.driver as C:\Users\pc\.cache\selenium\chromedriver\win64\124.0.6367.91\chromedriver.exe 
2024-05-01 23:24:00,457 INFO  [MyLogClass] The entry process was done. 
2024-05-01 23:24:17,613 INFO  [MyLogClass] Success Cart is empty 
2024-05-01 23:24:18,937 INFO  [MyLogClass] One of the categories 'Kadın', 'Erkek', and 'Jean' was randomly selected. 
2024-05-01 23:24:22,125 INFO  [MyLogClass] On the product listing page, products are sorted in ascending order by price. 
2024-05-01 23:24:23,087 INFO  [MyLogClass] First product selected. 
2024-05-01 23:24:33,184 INFO  [MyLogClass] Any of the size options was randomly selected. 
2024-05-01 23:24:37,465 INFO  [MyLogClass] A random promo code was entered. 
2024-05-01 23:24:43,106 INFO  [MyLogClass] Order information and address information entered. 
2024-05-01 23:25:04,702 ERROR [MyLogClass] SCENARIO : E2E Testing - is FAILED 
2024-05-01 23:39:54,813 INFO  [MyLogClass] SCENARIO : 'E2E Testing' - is started 2024-05-01T23:39:54.812119400 
2024-05-01 23:39:55,136 INFO  [WebDriverManager] Using chromedriver 124.0.6367.91 (resolved driver for Chrome 124) 
2024-05-01 23:39:55,170 INFO  [WebDriverManager] Exporting webdriver.chrome.driver as C:\Users\pc\.cache\selenium\chromedriver\win64\124.0.6367.91\chromedriver.exe 
2024-05-01 23:40:04,535 INFO  [MyLogClass] The entry process was done. 
2024-05-01 23:40:21,591 INFO  [MyLogClass] Success Cart is empty 
2024-05-01 23:40:22,788 INFO  [MyLogClass] One of the categories 'Kadın', 'Erkek', and 'Jean' was randomly selected. 
2024-05-01 23:40:25,550 INFO  [MyLogClass] On the product listing page, products are sorted in ascending order by price. 
2024-05-01 23:40:26,401 INFO  [MyLogClass] First product selected. 
2024-05-01 23:40:36,490 INFO  [MyLogClass] Any of the size options was randomly selected. 
2024-05-01 23:40:54,870 ERROR [MyLogClass] SCENARIO : E2E Testing - is FAILED 
2024-05-01 23:41:09,728 INFO  [MyLogClass] SCENARIO : 'E2E Testing' - is started 2024-05-01T23:41:09.727929100 
2024-05-01 23:41:10,070 INFO  [WebDriverManager] Using chromedriver 124.0.6367.91 (resolved driver for Chrome 124) 
2024-05-01 23:41:10,124 INFO  [WebDriverManager] Exporting webdriver.chrome.driver as C:\Users\pc\.cache\selenium\chromedriver\win64\124.0.6367.91\chromedriver.exe 
2024-05-01 23:41:19,424 INFO  [MyLogClass] The entry process was done. 
2024-05-01 23:41:36,649 INFO  [MyLogClass] Success Cart is empty 
2024-05-01 23:41:37,968 INFO  [MyLogClass] One of the categories 'Kadın', 'Erkek', and 'Jean' was randomly selected. 
2024-05-01 23:41:39,863 ERROR [MyLogClass] SCENARIO : E2E Testing - is FAILED 
2024-05-01 23:41:57,456 INFO  [MyLogClass] SCENARIO : 'E2E Testing' - is started 2024-05-01T23:41:57.455833400 
2024-05-01 23:41:57,745 INFO  [WebDriverManager] Using chromedriver 124.0.6367.91 (resolved driver for Chrome 124) 
2024-05-01 23:41:57,776 INFO  [WebDriverManager] Exporting webdriver.chrome.driver as C:\Users\pc\.cache\selenium\chromedriver\win64\124.0.6367.91\chromedriver.exe 
2024-05-01 23:42:05,057 INFO  [MyLogClass] The entry process was done. 
2024-05-01 23:42:20,698 INFO  [MyLogClass] Success Cart is empty 
2024-05-01 23:42:22,252 INFO  [MyLogClass] One of the categories 'Kadın', 'Erkek', and 'Jean' was randomly selected. 
2024-05-01 23:42:24,296 ERROR [MyLogClass] SCENARIO : E2E Testing - is FAILED 
2024-05-01 23:43:50,634 INFO  [MyLogClass] SCENARIO : 'E2E Testing' - is started 2024-05-01T23:43:50.633110500 
2024-05-01 23:43:51,040 INFO  [WebDriverManager] Using chromedriver 124.0.6367.91 (resolved driver for Chrome 124) 
2024-05-01 23:43:51,073 INFO  [WebDriverManager] Exporting webdriver.chrome.driver as C:\Users\pc\.cache\selenium\chromedriver\win64\124.0.6367.91\chromedriver.exe 
2024-05-01 23:43:58,764 INFO  [MyLogClass] The entry process was done. 
2024-05-01 23:44:14,421 INFO  [MyLogClass] Success Cart is empty 
2024-05-01 23:44:15,491 INFO  [MyLogClass] One of the categories 'Kadın', 'Erkek', and 'Jean' was randomly selected. 
2024-05-01 23:44:18,472 INFO  [MyLogClass] On the product listing page, products are sorted in ascending order by price. 
2024-05-01 23:44:21,657 INFO  [MyLogClass] First product selected. 
2024-05-01 23:44:25,103 INFO  [MyLogClass] Any of the size options was randomly selected. 
2024-05-01 23:44:29,481 INFO  [MyLogClass] A random promo code was entered. 
2024-05-01 23:44:38,383 INFO  [MyLogClass] Order information and address information entered. 
2024-05-01 23:45:30,205 ERROR [MyLogClass] SCENARIO : E2E Testing - is FAILED 
2024-05-01 23:46:17,935 INFO  [MyLogClass] SCENARIO : 'E2E Testing' - is started 2024-05-01T23:46:17.934390600 
2024-05-01 23:46:18,261 INFO  [WebDriverManager] Using chromedriver 124.0.6367.91 (resolved driver for Chrome 124) 
2024-05-01 23:46:18,290 INFO  [WebDriverManager] Exporting webdriver.chrome.driver as C:\Users\pc\.cache\selenium\chromedriver\win64\124.0.6367.91\chromedriver.exe 
2024-05-01 23:46:25,914 INFO  [MyLogClass] The entry process was done. 
2024-05-01 23:46:42,488 INFO  [MyLogClass] Success Cart is empty 
2024-05-01 23:46:43,742 INFO  [MyLogClass] One of the categories 'Kadın', 'Erkek', and 'Jean' was randomly selected. 
2024-05-01 23:46:46,961 ERROR [MyLogClass] SCENARIO : E2E Testing - is FAILED 
2024-05-01 23:47:22,756 INFO  [MyLogClass] SCENARIO : 'E2E Testing' - is started 2024-05-01T23:47:22.755254300 
2024-05-01 23:47:23,130 INFO  [WebDriverManager] Using chromedriver 124.0.6367.91 (resolved driver for Chrome 124) 
2024-05-01 23:47:23,160 INFO  [WebDriverManager] Exporting webdriver.chrome.driver as C:\Users\pc\.cache\selenium\chromedriver\win64\124.0.6367.91\chromedriver.exe 
2024-05-01 23:47:30,188 INFO  [MyLogClass] The entry process was done. 
2024-05-01 23:47:45,861 INFO  [MyLogClass] Success Cart is empty 
2024-05-01 23:47:47,117 INFO  [MyLogClass] One of the categories 'Kadın', 'Erkek', and 'Jean' was randomly selected. 
2024-05-01 23:47:49,167 ERROR [MyLogClass] SCENARIO : E2E Testing - is FAILED 
2024-05-01 23:48:06,895 INFO  [MyLogClass] SCENARIO : 'E2E Testing' - is started 2024-05-01T23:48:06.895505200 
2024-05-01 23:48:07,351 INFO  [WebDriverManager] Using chromedriver 124.0.6367.91 (resolved driver for Chrome 124) 
2024-05-01 23:48:07,383 INFO  [WebDriverManager] Exporting webdriver.chrome.driver as C:\Users\pc\.cache\selenium\chromedriver\win64\124.0.6367.91\chromedriver.exe 
2024-05-01 23:48:11,384 INFO  [MyLogClass] SCENARIO : 'E2E Testing' - is started 2024-05-01T23:48:11.383181400 
2024-05-01 23:48:11,916 INFO  [WebDriverManager] Using chromedriver 124.0.6367.91 (resolved driver for Chrome 124) 
2024-05-01 23:48:11,978 INFO  [WebDriverManager] Exporting webdriver.chrome.driver as C:\Users\pc\.cache\selenium\chromedriver\win64\124.0.6367.91\chromedriver.exe 
2024-05-01 23:48:15,596 ERROR [MyLogClass] SCENARIO : E2E Testing - is FAILED 
2024-05-01 23:48:15,627 INFO  [MyLogClass] The entry process was done. 
2024-05-01 23:48:16,292 ERROR [MyLogClass] SCENARIO : E2E Testing - is FAILED 
2024-05-01 23:48:25,531 INFO  [MyLogClass] SCENARIO : 'E2E Testing' - is started 2024-05-01T23:48:25.531909400 
2024-05-01 23:48:25,838 INFO  [WebDriverManager] Using chromedriver 124.0.6367.91 (resolved driver for Chrome 124) 
2024-05-01 23:48:25,868 INFO  [WebDriverManager] Exporting webdriver.chrome.driver as C:\Users\pc\.cache\selenium\chromedriver\win64\124.0.6367.91\chromedriver.exe 
2024-05-01 23:48:37,163 INFO  [MyLogClass] The entry process was done. 
2024-05-01 23:48:52,799 INFO  [MyLogClass] Success Cart is empty 
2024-05-01 23:48:53,954 INFO  [MyLogClass] One of the categories 'Kadın', 'Erkek', and 'Jean' was randomly selected. 
2024-05-01 23:48:56,891 INFO  [MyLogClass] On the product listing page, products are sorted in ascending order by price. 
2024-05-01 23:48:57,707 INFO  [MyLogClass] First product selected. 
2024-05-01 23:49:07,816 INFO  [MyLogClass] Any of the size options was randomly selected. 
2024-05-01 23:49:12,162 INFO  [MyLogClass] A random promo code was entered. 
2024-05-01 23:49:17,826 INFO  [MyLogClass] Order information and address information entered. 
2024-05-01 23:49:28,278 ERROR [MyLogClass] SCENARIO : E2E Testing - is FAILED 
2024-05-01 23:49:35,298 INFO  [MyLogClass] SCENARIO : 'E2E Testing' - is started 2024-05-01T23:49:35.298794300 
2024-05-01 23:49:35,600 INFO  [WebDriverManager] Using chromedriver 124.0.6367.91 (resolved driver for Chrome 124) 
2024-05-01 23:49:35,631 INFO  [WebDriverManager] Exporting webdriver.chrome.driver as C:\Users\pc\.cache\selenium\chromedriver\win64\124.0.6367.91\chromedriver.exe 
2024-05-01 23:49:44,093 INFO  [MyLogClass] The entry process was done. 
2024-05-01 23:50:01,208 INFO  [MyLogClass] Success Cart is empty 
2024-05-01 23:50:02,343 INFO  [MyLogClass] One of the categories 'Kadın', 'Erkek', and 'Jean' was randomly selected. 
2024-05-01 23:50:05,093 INFO  [MyLogClass] On the product listing page, products are sorted in ascending order by price. 
2024-05-01 23:50:06,389 INFO  [MyLogClass] First product selected. 
2024-05-01 23:50:09,753 INFO  [MyLogClass] Any of the size options was randomly selected. 
2024-05-01 23:50:14,206 INFO  [MyLogClass] A random promo code was entered. 
2024-05-01 23:50:19,881 INFO  [MyLogClass] Order information and address information entered. 
2024-05-01 23:50:26,497 ERROR [MyLogClass] SCENARIO : E2E Testing - is FAILED 
2024-05-02 11:11:34,505 INFO  [MyLogClass] SCENARIO : 'E2E Testing' - is started 2024-05-02T11:11:34.504308800 
2024-05-02 11:11:36,437 INFO  [WebDriverManager] Using chromedriver 124.0.6367.91 (resolved driver for Chrome 124) 
2024-05-02 11:11:36,475 INFO  [WebDriverManager] Exporting webdriver.chrome.driver as C:\Users\pc\.cache\selenium\chromedriver\win64\124.0.6367.91\chromedriver.exe 
2024-05-02 11:11:44,746 INFO  [MyLogClass] The entry process was done. 
2024-05-02 11:12:00,683 INFO  [MyLogClass] Success Cart is empty 
2024-05-02 11:12:03,157 INFO  [MyLogClass] One of the categories 'Kadın', 'Erkek', and 'Jean' was randomly selected. 
2024-05-02 11:12:06,236 INFO  [MyLogClass] On the product listing page, products are sorted in ascending order by price. 
2024-05-02 11:12:07,118 INFO  [MyLogClass] First product selected. 
2024-05-02 11:12:10,580 INFO  [MyLogClass] Any of the size options was randomly selected. 
2024-05-02 11:12:16,353 INFO  [MyLogClass] A random promo code was entered. 
2024-05-02 11:12:24,140 INFO  [MyLogClass] Order information and address information entered. 
2024-05-02 11:13:18,856 ERROR [MyLogClass] SCENARIO : E2E Testing - is FAILED 
2024-05-02 11:48:24,726 INFO  [MyLogClass] SCENARIO : 'E2E Testing' - is started 2024-05-02T11:48:24.725994500 
2024-05-02 11:48:25,069 INFO  [WebDriverManager] Using chromedriver 124.0.6367.91 (resolved driver for Chrome 124) 
2024-05-02 11:48:25,104 INFO  [WebDriverManager] Exporting webdriver.chrome.driver as C:\Users\pc\.cache\selenium\chromedriver\win64\124.0.6367.91\chromedriver.exe 
2024-05-02 11:48:35,074 INFO  [MyLogClass] The entry process was done. 
2024-05-02 11:48:51,658 INFO  [MyLogClass] Success Cart is empty 
2024-05-02 11:48:53,155 INFO  [MyLogClass] One of the categories 'Kadın', 'Erkek', and 'Jean' was randomly selected. 
2024-05-02 11:48:56,195 INFO  [MyLogClass] On the product listing page, products are sorted in ascending order by price. 
2024-05-02 11:48:57,550 INFO  [MyLogClass] First product selected. 
2024-05-02 11:49:01,069 INFO  [MyLogClass] Any of the size options was randomly selected. 
2024-05-02 11:49:06,501 INFO  [MyLogClass] A random promo code was entered. 
2024-05-02 11:49:13,311 INFO  [MyLogClass] Order information and address information entered. 
2024-05-02 11:49:26,086 INFO  [MyLogClass] SCENARIO : E2E Testing - is over 
2024-05-02 11:59:20,301 INFO  [MyLogClass] SCENARIO : 'E2E Testing' - is started 2024-05-02T11:59:20.300117500 
2024-05-02 11:59:20,652 INFO  [WebDriverManager] Using chromedriver 124.0.6367.91 (resolved driver for Chrome 124) 
2024-05-02 11:59:20,681 INFO  [WebDriverManager] Exporting webdriver.chrome.driver as C:\Users\pc\.cache\selenium\chromedriver\win64\124.0.6367.91\chromedriver.exe 
2024-05-02 11:59:30,592 INFO  [MyLogClass] The entry process was done. 
2024-05-02 11:59:47,260 INFO  [MyLogClass] Success Cart is empty 
2024-05-02 11:59:48,898 INFO  [MyLogClass] One of the categories 'Kadın', 'Erkek', and 'Jean' was randomly selected. 
2024-05-02 11:59:52,385 ERROR [MyLogClass] SCENARIO : E2E Testing - is FAILED 
2024-05-02 12:02:45,549 INFO  [MyLogClass] SCENARIO : 'E2E Testing' - is started 2024-05-02T12:02:45.548749700 
2024-05-02 12:02:45,898 INFO  [WebDriverManager] Using chromedriver 124.0.6367.91 (resolved driver for Chrome 124) 
2024-05-02 12:02:45,926 INFO  [WebDriverManager] Exporting webdriver.chrome.driver as C:\Users\pc\.cache\selenium\chromedriver\win64\124.0.6367.91\chromedriver.exe 
2024-05-02 12:02:54,417 INFO  [MyLogClass] The entry process was done. 
2024-05-02 12:03:10,276 INFO  [MyLogClass] Success Cart is empty 
2024-05-02 12:03:11,861 INFO  [MyLogClass] One of the categories 'Kadın', 'Erkek', and 'Jean' was randomly selected. 
2024-05-02 12:03:15,068 INFO  [MyLogClass] On the product listing page, products are sorted in ascending order by price. 
2024-05-02 12:03:16,371 INFO  [MyLogClass] First product selected. 
2024-05-02 12:03:26,512 INFO  [MyLogClass] Any of the size options was randomly selected. 
2024-05-02 12:03:31,244 INFO  [MyLogClass] A random promo code was entered. 
2024-05-02 12:03:37,316 INFO  [MyLogClass] Order information and address information entered. 
2024-05-02 12:03:44,408 ERROR [MyLogClass] SCENARIO : E2E Testing - is FAILED 
2024-05-02 12:05:29,973 INFO  [MyLogClass] SCENARIO : 'E2E Testing' - is started 2024-05-02T12:05:29.972030100 
2024-05-02 12:05:30,385 INFO  [WebDriverManager] Using chromedriver 124.0.6367.91 (resolved driver for Chrome 124) 
2024-05-02 12:05:30,416 INFO  [WebDriverManager] Exporting webdriver.chrome.driver as C:\Users\pc\.cache\selenium\chromedriver\win64\124.0.6367.91\chromedriver.exe 
2024-05-02 12:05:40,554 INFO  [MyLogClass] The entry process was done. 
2024-05-02 12:05:57,915 INFO  [MyLogClass] Success Cart is empty 
2024-05-02 12:05:59,658 INFO  [MyLogClass] One of the categories 'Kadın', 'Erkek', and 'Jean' was randomly selected. 
2024-05-02 12:06:02,754 INFO  [MyLogClass] On the product listing page, products are sorted in ascending order by price. 
2024-05-02 12:06:03,651 INFO  [MyLogClass] First product selected. 
2024-05-02 12:06:07,165 INFO  [MyLogClass] Any of the size options was randomly selected. 
2024-05-02 12:06:13,075 INFO  [MyLogClass] A random promo code was entered. 
2024-05-02 12:06:20,947 INFO  [MyLogClass] Order information and address information entered. 
2024-05-02 12:06:28,838 ERROR [MyLogClass] SCENARIO : E2E Testing - is FAILED 
2024-05-02 12:07:18,188 INFO  [MyLogClass] SCENARIO : 'E2E Testing' - is started 2024-05-02T12:07:18.188154900 
2024-05-02 12:07:18,673 INFO  [WebDriverManager] Using chromedriver 124.0.6367.91 (resolved driver for Chrome 124) 
2024-05-02 12:07:18,735 INFO  [WebDriverManager] Exporting webdriver.chrome.driver as C:\Users\pc\.cache\selenium\chromedriver\win64\124.0.6367.91\chromedriver.exe 
2024-05-02 12:07:26,543 INFO  [MyLogClass] The entry process was done. 
2024-05-02 12:07:43,087 INFO  [MyLogClass] Success Cart is empty 
2024-05-02 12:07:45,306 INFO  [MyLogClass] One of the categories 'Kadın', 'Erkek', and 'Jean' was randomly selected. 
2024-05-02 12:07:48,311 INFO  [MyLogClass] On the product listing page, products are sorted in ascending order by price. 
2024-05-02 12:07:49,194 INFO  [MyLogClass] First product selected. 
2024-05-02 12:07:59,386 INFO  [MyLogClass] Any of the size options was randomly selected. 
2024-05-02 12:08:04,083 INFO  [MyLogClass] A random promo code was entered. 
2024-05-02 12:08:10,076 INFO  [MyLogClass] Order information and address information entered. 
2024-05-02 12:08:17,392 ERROR [MyLogClass] SCENARIO : E2E Testing - is FAILED 
2024-05-02 12:11:57,710 INFO  [MyLogClass] SCENARIO : 'E2E Testing' - is started 2024-05-02T12:11:57.710808 
2024-05-02 12:12:01,011 INFO  [WebDriverManager] Using chromedriver 124.0.6367.91 (resolved driver for Chrome 124) 
2024-05-02 12:12:01,032 INFO  [WebDriverManager] Exporting webdriver.chrome.driver as C:\Users\pc\.cache\selenium\chromedriver\win64\124.0.6367.91\chromedriver.exe 
2024-05-02 12:12:08,517 INFO  [MyLogClass] The entry process was done. 
2024-05-02 12:12:25,715 INFO  [MyLogClass] Success Cart is empty 
2024-05-02 12:12:28,117 INFO  [MyLogClass] One of the categories 'Kadın', 'Erkek', and 'Jean' was randomly selected. 
2024-05-02 12:12:31,208 INFO  [MyLogClass] On the product listing page, products are sorted in ascending order by price. 
2024-05-02 12:12:32,307 INFO  [MyLogClass] First product selected. 
2024-05-02 12:12:35,835 INFO  [MyLogClass] Any of the size options was randomly selected. 
2024-05-02 12:12:40,637 INFO  [MyLogClass] A random promo code was entered. 
2024-05-02 12:12:47,513 INFO  [MyLogClass] Order information and address information entered. 
2024-05-02 12:12:55,164 ERROR [MyLogClass] SCENARIO : E2E Testing - is FAILED 
2024-05-02 12:17:39,917 INFO  [MyLogClass] SCENARIO : 'E2E Testing' - is started 2024-05-02T12:17:39.916598 
2024-05-02 12:17:40,264 INFO  [WebDriverManager] Using chromedriver 124.0.6367.91 (resolved driver for Chrome 124) 
2024-05-02 12:17:40,295 INFO  [WebDriverManager] Exporting webdriver.chrome.driver as C:\Users\pc\.cache\selenium\chromedriver\win64\124.0.6367.91\chromedriver.exe 
2024-05-02 12:17:48,038 INFO  [MyLogClass] The entry process was done. 
2024-05-02 12:18:04,612 INFO  [MyLogClass] Success Cart is empty 
2024-05-02 12:18:07,397 INFO  [MyLogClass] One of the categories 'Kadın', 'Erkek', and 'Jean' was randomly selected. 
2024-05-02 12:18:09,343 ERROR [MyLogClass] SCENARIO : E2E Testing - is FAILED 
2024-05-02 12:18:18,463 INFO  [MyLogClass] SCENARIO : 'E2E Testing' - is started 2024-05-02T12:18:18.463506900 
2024-05-02 12:18:18,813 INFO  [WebDriverManager] Using chromedriver 124.0.6367.91 (resolved driver for Chrome 124) 
2024-05-02 12:18:18,845 INFO  [WebDriverManager] Exporting webdriver.chrome.driver as C:\Users\pc\.cache\selenium\chromedriver\win64\124.0.6367.91\chromedriver.exe 
2024-05-02 12:18:27,978 INFO  [MyLogClass] The entry process was done. 
2024-05-02 12:18:43,876 INFO  [MyLogClass] Success Cart is empty 
2024-05-02 12:18:45,737 INFO  [MyLogClass] One of the categories 'Kadın', 'Erkek', and 'Jean' was randomly selected. 
2024-05-02 12:18:48,706 INFO  [MyLogClass] On the product listing page, products are sorted in ascending order by price. 
2024-05-02 12:18:49,939 INFO  [MyLogClass] First product selected. 
2024-05-02 12:18:53,461 INFO  [MyLogClass] Any of the size options was randomly selected. 
2024-05-02 12:18:58,275 INFO  [MyLogClass] A random promo code was entered. 
2024-05-02 12:19:04,261 INFO  [MyLogClass] Order information and address information entered. 
2024-05-02 12:19:13,397 INFO  [MyLogClass] Product quantity increased. 
2024-05-02 12:19:24,948 INFO  [MyLogClass] SCENARIO : E2E Testing - is over 
